{"name": "Тест удаления item", "status": "failed", "statusDetails": {"message": "AssertionError: Неудачная работа фикстуры по удалению items\nassert 404 == 200\n +  where 404 = <Response [404]>.status_code", "trace": "self = <allure_commons._allure.fixture object at 0x000000000573AD50>, args = (), kwargs = {}\n\n    def __call__(self, *args, **kwargs):\n        self.parameters = func_parameters(self._fixture_function, *args, **kwargs)\n    \n        with self:\n>           return self._fixture_function(*args, **kwargs)\n\n..\\..\\AppData\\Local\\Programs\\Python\\Python311\\Lib\\site-packages\\allure_commons\\_allure.py:231: \n_ _ _ _ _ _ _ _ _ _ _ _ _ _ _ _ _ _ _ _ _ _ _ _ _ _ _ _ _ _ _ _ _ _ _ _ _ _ _ _ _ _ _ _ _ _ _ _ _ _ _ _ _ _ _ _ _ _ _ _ _ _ _ _ _ _ _ _ _ _ _ _ _ _ _ _ _ _ _\n\ntake_id_item = '757267e1-9eca-4edb-8522-ed738933a9cb'\nitem_token = {'Accept': '*/*', 'Accept-Encoding': 'gzip, deflate', 'Authorization': 'Bearer eyJhbGciOiJIUzI1NiIsInR5cCI6IkpXVCJ9.ey...LWU0ZjYtNDdlMS1iNmU3LWUwYjQyMjhhNmU3NyJ9.QX4i-4kIx7SRDG_At85q_iVRphxEGFsr5-lmF6dTkMk', 'Connection': 'keep-alive', ...}\n\n    @pytest.fixture(scope=\"session\")\n    @allure.title(\"Фикстура для удаления полученного item\")\n    def del_item(take_id_item, item_token):\n        with allure.step(\"Вновь берем полученный item для его удаления\"):\n            yield take_id_item\n            allure.attach(str(take_id_item), name=\"Результат работы yield\", attachment_type=allure.attachment_type.TEXT)\n        with allure.step(\"Отправляем DELETE запрос на удаление item\"):\n            response = requests.delete(ITEM(take_id_item),\n                                       headers=item_token)\n            allure.attach(str(response), name=\"Результат запроса на удаление\", attachment_type=allure.attachment_type.TEXT)\n>       assert response.status_code == 200, \"Неудачная работа фикстуры по удалению items\"\nE       AssertionError: Неудачная работа фикстуры по удалению items\nE       assert 404 == 200\nE        +  where 404 = <Response [404]>.status_code\n\nconftest.py:58: AssertionError"}, "steps": [{"name": "Отравляем запрос на получение item по ID", "status": "passed", "attachments": [{"name": "Результат запроса на получение item по ID", "source": "f9d7fef8-b119-48eb-81dc-0d52713b4a89-attachment.json", "type": "application/json"}], "start": 1763376974638, "stop": 1763376974702}], "start": 1763376974638, "stop": 1763376974702, "uuid": "7be76927-8005-4ef4-b010-557e8dc4afa7", "historyId": "945d3e2d3b160cfb8b7057767e6696d0", "testCaseId": "945d3e2d3b160cfb8b7057767e6696d0", "fullName": "tests.test_valid_items.TestItemsValid#test_delete_item", "labels": [{"name": "parentSuite", "value": "tests"}, {"name": "suite", "value": "test_valid_items"}, {"name": "subSuite", "value": "TestItemsValid"}, {"name": "host", "value": "WIN-VIK827QHRC6"}, {"name": "thread", "value": "8108-MainThread"}, {"name": "framework", "value": "pytest"}, {"name": "language", "value": "cpython3"}, {"name": "package", "value": "tests.test_valid_items"}], "titlePath": ["tests", "test_valid_items.py", "TestItemsValid"]}