{"name": "Тест обновления item", "status": "failed", "statusDetails": {"message": "AssertionError: Неожидаемый статус код\nassert 404 == 200\n +  where 404 = <Response [404]>.status_code", "trace": "self = <test_valid_items.TestItemsValid object at 0x0000000005696ED0>, item_session = <requests.sessions.Session object at 0x0000000005678B10>\nitem_token = {'Accept': '*/*', 'Accept-Encoding': 'gzip, deflate', 'Authorization': 'Bearer eyJhbGciOiJIUzI1NiIsInR5cCI6IkpXVCJ9.ey...LWU0ZjYtNDdlMS1iNmU3LWUwYjQyMjhhNmU3NyJ9._v3_uRcYO-6m2LaUE8ud3oAhQyjO8PWKcAaJ0fTgDik', 'Connection': 'keep-alive', ...}\nupd_item_data = {'description': 'Юный сынок.', 'title': 'Казнь жить.'}, del_item = '6f1713a7-e73a-4566-aa0c-eacce83f88f6'\n\n    @allure.title(\"Тест обновления item\")\n    def test_update_item(self, item_session, item_token, upd_item_data, del_item):\n        with allure.step(\"Отправляем запрос на создания item\"):\n            update = item_session.put(ItemsURLs.items_endpoint_id(del_item),\n                                         headers=item_token,\n                                         json=upd_item_data)\n            allure.attach(str(update), name=\"Результат создания item\", attachment_type=allure.attachment_type.JSON)\n>       assert update.status_code == 200, \"Неожидаемый статус код\"\nE       AssertionError: Неожидаемый статус код\nE       assert 404 == 200\nE        +  where 404 = <Response [404]>.status_code\n\ntests\\test_valid_items.py:51: AssertionError"}, "steps": [{"name": "Отправляем запрос на создания item", "status": "passed", "attachments": [{"name": "Результат создания item", "source": "05531328-18ab-4e80-830b-6f77eef30ebf-attachment.json", "type": "application/json"}], "start": 1763376586153, "stop": 1763376586221}], "start": 1763376586153, "stop": 1763376586222, "uuid": "57a7cabf-376c-460b-af7f-ebcd66db8476", "historyId": "0db5bea9d50a7f572fa7e0d6516793af", "testCaseId": "0db5bea9d50a7f572fa7e0d6516793af", "fullName": "tests.test_valid_items.TestItemsValid#test_update_item", "labels": [{"name": "parentSuite", "value": "tests"}, {"name": "suite", "value": "test_valid_items"}, {"name": "subSuite", "value": "TestItemsValid"}, {"name": "host", "value": "WIN-VIK827QHRC6"}, {"name": "thread", "value": "14388-MainThread"}, {"name": "framework", "value": "pytest"}, {"name": "language", "value": "cpython3"}, {"name": "package", "value": "tests.test_valid_items"}], "titlePath": ["tests", "test_valid_items.py", "TestItemsValid"]}