{"name": "Тест на создание и удаление item", "status": "failed", "statusDetails": {"message": "AssertionError: Неудачная работа фикстуры по удалению items\nassert 405 == 200\n +  where 405 = <Response [405]>.status_code", "trace": "self = <allure_commons._allure.fixture object at 0x000000000572F710>, args = (), kwargs = {}\n\n    def __call__(self, *args, **kwargs):\n        self.parameters = func_parameters(self._fixture_function, *args, **kwargs)\n    \n        with self:\n>           return self._fixture_function(*args, **kwargs)\n\n..\\..\\AppData\\Local\\Programs\\Python\\Python311\\Lib\\site-packages\\allure_commons\\_allure.py:231: \n_ _ _ _ _ _ _ _ _ _ _ _ _ _ _ _ _ _ _ _ _ _ _ _ _ _ _ _ _ _ _ _ _ _ _ _ _ _ _ _ _ _ _ _ _ _ _ _ _ _ _ _ _ _ _ _ _ _ _ _ _ _ _ _ _ _ _ _ _ _ _\n\ntake_id_item = '2e29dc40-576d-4748-a5bf-fc7d34f021de'\nitem_token = {'Accept': '*/*', 'Accept-Encoding': 'gzip, deflate', 'Authorization': 'Bearer eyJhbGciOiJIUzI1NiIsInR5cCI6IkpXVCJ9.ey...LWU0ZjYtNDdlMS1iNmU3LWUwYjQyMjhhNmU3NyJ9.qIwucj8920EA0r4oNpwHMCDfkvI0fyfo0ZLpMM2QL8E', 'Connection': 'keep-alive', ...}\n\n    @pytest.fixture(scope=\"session\")  # второй вариант с измененными params\n    @allure.title(\"Фикстура для получения и удаления полученного item\")\n    def del_item(take_id_item, item_token):\n        with allure.step(\"Вновь берем полученный item для его удаления\"):\n            yield take_id_item\n            allure.attach(str(take_id_item), name=\"Результат работы yield\", attachment_type=allure.attachment_type.TEXT)\n        with allure.step(\"Отправляем DELETE запрос на удаление item\"):\n            response = requests.delete(ITEMS,\n                                       params={'id': take_id_item},\n                                       headers=item_token)\n            allure.attach(str(response), name=\"Результат запроса на удаление\", attachment_type=allure.attachment_type.TEXT)\n>           assert response.status_code == 200, \"Неудачная работа фикстуры по удалению items\"\nE           AssertionError: Неудачная работа фикстуры по удалению items\nE           assert 405 == 200\nE            +  where 405 = <Response [405]>.status_code\n\nconftest.py:72: AssertionError"}, "steps": [{"name": "Отправляем запрос на создания item", "status": "passed", "attachments": [{"name": "Результат создания item", "source": "3866685d-6867-45a3-9f41-dd58c46adb12-attachment.json", "type": "application/json"}], "start": 1763290187443, "stop": 1763290187515}, {"name": "Забираем id полученного item", "status": "passed", "attachments": [{"name": "Полученный ID =", "source": "5f4f4a29-4b5a-408f-b196-42c9340550ea-attachment.txt", "type": "text/plain"}], "start": 1763290187515, "stop": 1763290187519}, {"name": "Отравляем запрос на получение item по ID", "status": "passed", "attachments": [{"name": "Результат запроса на получение item по ID", "source": "e789ccae-2c37-487d-9483-faf4f24898bc-attachment.json", "type": "application/json"}], "start": 1763290187519, "stop": 1763290187587}], "start": 1763290187442, "stop": 1763290187590, "uuid": "11613c64-deab-4a19-b85a-91cb8edeeac8", "historyId": "0db5bea9d50a7f572fa7e0d6516793af", "testCaseId": "0db5bea9d50a7f572fa7e0d6516793af", "fullName": "tests.test_valid_items.TestItemsValid#test_update_item", "labels": [{"name": "parentSuite", "value": "tests"}, {"name": "suite", "value": "test_valid_items"}, {"name": "subSuite", "value": "TestItemsValid"}, {"name": "host", "value": "WIN-VIK827QHRC6"}, {"name": "thread", "value": "4144-MainThread"}, {"name": "framework", "value": "pytest"}, {"name": "language", "value": "cpython3"}, {"name": "package", "value": "tests.test_valid_items"}], "titlePath": ["tests", "test_valid_items.py", "TestItemsValid"]}